2022-02-27 02:07:48 | 1090267001ui71b Echec (Code00)
2022-02-27 02:08:19 | 1090267001ui71b Echec (Code00)
2022-02-27 02:12:08 | 1090267001ui71b Echec (Code00)
2022-02-27 02:12:46 | 1090267001ui71b Echec (Code00)
2022-02-27 02:24:38 | 1090267001ui71b Echec (Code00)
2022-02-27 02:30:30 | 1090267001ui71b Echec (Code00)
2022-02-27 02:33:36 | 1090267001ui71b Echec (Code00)
2022-02-27 02:44:26 | 1090267001ui71b Echec (Code00)
2022-02-27 02:44:37 | 1090267001ui71b Echec (Code00)
2022-02-27 02:45:22 | 1090267001ui71b Echec (Code00)
2022-02-27 02:53:07 | 1090267001ui71b Echec (Code00)
2022-02-27 02:53:47 | 1090267001ui71b Echec (Code00)
2022-02-28 16:41:27 | 1092572001ap71b Echec (Code00)
2022-02-28 16:42:56 | 1092572001ap71b Echec (Code00)
2022-02-28 16:53:03 | 1092572001ap71b Echec (Code00)
2022-02-28 17:34:32 | 1092572001ap71b Echec (Code00)
2022-02-28 17:59:08 | 1092572001ap71b Echec (Code00)
2022-02-28 18:10:11 | 1092572001ap71b Echec (Code00)
2022-02-28 18:19:39 | 1092572001ap71b Echec (Code00)
2022-02-28 18:24:05 | 1092572001ap71b Echec (Code08)
2022-02-28 18:36:24 | 1092572001ap71b Echec (Code08)
2022-02-28 18:38:57 | 1092698001gd71b Echec (Code08)
2022-02-28 18:39:08 | 1092698001gd71b Echec (Code08)
2022-02-28 18:40:37 | 1092698001gd71b Echec (Code08)
2022-02-28 18:49:01 | 1092698001gd71b Echec (Code08)
2022-02-28 21:58:06 | 1092698001gd71b Echec (Code02)
2022-02-28 21:58:18 | 1092698001gd71b Echec (Code02)
2022-02-28 22:03:40 | 1092698001gd71b Echec (Code02)
2022-02-28 22:03:53 | 1092698001gd71b Echec (Code02)
2022-02-28 22:08:54 | 1092698001gd71b https://client.ligdicash.com/directpayment/invoice/eyJ0eXAiOiJKV1QiLCJhbGciOiJIUzI1NiJ9.eyJpZF9pbnZvaWNlIjoiNDUwNTA2OCIsInN0YXJ0X2RhdGUiOiIyMDIyLTAyLTI4IDIyOjA4OjU0IiwiZXhwaXJ5X2RhdGUiOjE2NDYxNjg5MzR9.6Gpyef0fyiTx_PiRxBbV7XAs4H2U1HEar6Uzg221M_8
2022-02-28 22:19:20 | 1092698001gd71b https://client.ligdicash.com/directpayment/invoice/eyJ0eXAiOiJKV1QiLCJhbGciOiJIUzI1NiJ9.eyJpZF9pbnZvaWNlIjoiNDUwNTIzOCIsInN0YXJ0X2RhdGUiOiIyMDIyLTAyLTI4IDIyOjE5OjIwIiwiZXhwaXJ5X2RhdGUiOjE2NDYxNjk1NjB9.dCAPgP55fPwnxnVNNV_KRvmO31-JH6xHf4fhBD9wo4k
2022-02-28 23:40:55 | 1092698001gd71b https://client.ligdicash.com/directpayment/invoice/eyJ0eXAiOiJKV1QiLCJhbGciOiJIUzI1NiJ9.eyJpZF9pbnZvaWNlIjoiNDUwNjM2MyIsInN0YXJ0X2RhdGUiOiIyMDIyLTAyLTI4IDIzOjQwOjU1IiwiZXhwaXJ5X2RhdGUiOjE2NDYxNzQ0NTV9.SwpIzGo7cFXCyMgxjZ1bMbC-r-WANgIPvE_-fdyNLrE
2022-03-02 01:10:50 | 1092698001gd71b Echec (Code09)
2022-03-02 01:11:13 | 1092698001gd71b Echec (Code09)
2022-03-02 01:13:35 | 1092698001gd71b Echec (Code09)
2022-03-02 01:16:29 | 1092698001gd71b Echec (Code09)
2022-03-02 02:31:08 | 1092698001gd71b Echec (Code09)
