2022-03-17 17:37:31 | eyJ0eXAiOiJKV1QiLCJhbGciOiJIUzI1NiJ9.eyJpZF9pbnZvaWNlIjoiNDg5OTIwNiIsInN0YXJ0X2RhdGUiOiIyMDIyLTAzLTE3IDE3OjM0OjQ1IiwiZXhwaXJ5X2RhdGUiOjE2NDc2MjEyODV9.rFDpmRhx9ULfDyw6qPK51ZTn9QjFBgYZa68TLUYJzIE "pending"
2022-03-17 17:37:34 | eyJ0eXAiOiJKV1QiLCJhbGciOiJIUzI1NiJ9.eyJpZF9pbnZvaWNlIjoiNDg5OTIwNiIsInN0YXJ0X2RhdGUiOiIyMDIyLTAzLTE3IDE3OjM0OjQ1IiwiZXhwaXJ5X2RhdGUiOjE2NDc2MjEyODV9.rFDpmRhx9ULfDyw6qPK51ZTn9QjFBgYZa68TLUYJzIE "pending"
2022-03-17 17:37:38 | eyJ0eXAiOiJKV1QiLCJhbGciOiJIUzI1NiJ9.eyJpZF9pbnZvaWNlIjoiNDg5OTIwNiIsInN0YXJ0X2RhdGUiOiIyMDIyLTAzLTE3IDE3OjM0OjQ1IiwiZXhwaXJ5X2RhdGUiOjE2NDc2MjEyODV9.rFDpmRhx9ULfDyw6qPK51ZTn9QjFBgYZa68TLUYJzIE "pending"
2022-03-17 17:39:27 | eyJ0eXAiOiJKV1QiLCJhbGciOiJIUzI1NiJ9.eyJpZF9pbnZvaWNlIjoiNDg5OTIwNiIsInN0YXJ0X2RhdGUiOiIyMDIyLTAzLTE3IDE3OjM0OjQ1IiwiZXhwaXJ5X2RhdGUiOjE2NDc2MjEyODV9.rFDpmRhx9ULfDyw6qPK51ZTn9QjFBgYZa68TLUYJzIE "pending"
2022-03-17 17:59:56 | eyJ0eXAiOiJKV1QiLCJhbGciOiJIUzI1NiJ9.eyJpZF9pbnZvaWNlIjoiNDg5NzIyOCIsInN0YXJ0X2RhdGUiOiIyMDIyLTAzLTE3IDE2OjQ1OjQyIiwiZXhwaXJ5X2RhdGUiOjE2NDc2MTgzNDJ9.pewI7xQR6V86zcjBUksvwXmmycy2CsktF04Q73J72Hs "pending"
2022-03-17 18:00:00 | eyJ0eXAiOiJKV1QiLCJhbGciOiJIUzI1NiJ9.eyJpZF9pbnZvaWNlIjoiNDg5NzIyOCIsInN0YXJ0X2RhdGUiOiIyMDIyLTAzLTE3IDE2OjQ1OjQyIiwiZXhwaXJ5X2RhdGUiOjE2NDc2MTgzNDJ9.pewI7xQR6V86zcjBUksvwXmmycy2CsktF04Q73J72Hs "pending"
2022-03-17 18:00:01 | 1111895001ot71b ""
2022-03-17 18:04:50 | eyJ0eXAiOiJKV1QiLCJhbGciOiJIUzI1NiJ9.eyJpZF9pbnZvaWNlIjoiNDg5NzIyOCIsInN0YXJ0X2RhdGUiOiIyMDIyLTAzLTE3IDE2OjQ1OjQyIiwiZXhwaXJ5X2RhdGUiOjE2NDc2MTgzNDJ9.pewI7xQR6V86zcjBUksvwXmmycy2CsktF04Q73J72Hs "pending"
2022-03-17 18:06:19 | eyJ0eXAiOiJKV1QiLCJhbGciOiJIUzI1NiJ9.eyJpZF9pbnZvaWNlIjoiNDg5NzIyOCIsInN0YXJ0X2RhdGUiOiIyMDIyLTAzLTE3IDE2OjQ1OjQyIiwiZXhwaXJ5X2RhdGUiOjE2NDc2MTgzNDJ9.pewI7xQR6V86zcjBUksvwXmmycy2CsktF04Q73J72Hs "pending"
2022-03-17 18:12:22 | eyJ0eXAiOiJKV1QiLCJhbGciOiJIUzI1NiJ9.eyJpZF9pbnZvaWNlIjoiNDg5NzIyOCIsInN0YXJ0X2RhdGUiOiIyMDIyLTAzLTE3IDE2OjQ1OjQyIiwiZXhwaXJ5X2RhdGUiOjE2NDc2MTgzNDJ9.pewI7xQR6V86zcjBUksvwXmmycy2CsktF04Q73J72Hs "pending"
2022-03-17 18:14:23 | eyJ0eXAiOiJKV1QiLCJhbGciOiJIUzI1NiJ9.eyJpZF9pbnZvaWNlIjoiNDg5NzIyOCIsInN0YXJ0X2RhdGUiOiIyMDIyLTAzLTE3IDE2OjQ1OjQyIiwiZXhwaXJ5X2RhdGUiOjE2NDc2MTgzNDJ9.pewI7xQR6V86zcjBUksvwXmmycy2CsktF04Q73J72Hs "pending"
2022-03-17 18:16:19 | eyJ0eXAiOiJKV1QiLCJhbGciOiJIUzI1NiJ9.eyJpZF9pbnZvaWNlIjoiNDg5NzIyOCIsInN0YXJ0X2RhdGUiOiIyMDIyLTAzLTE3IDE2OjQ1OjQyIiwiZXhwaXJ5X2RhdGUiOjE2NDc2MTgzNDJ9.pewI7xQR6V86zcjBUksvwXmmycy2CsktF04Q73J72Hs "pending"
2022-03-17 18:26:00 | eyJ0eXAiOiJKV1QiLCJhbGciOiJIUzI1NiJ9.eyJpZF9pbnZvaWNlIjoiNDg5NzIyOCIsInN0YXJ0X2RhdGUiOiIyMDIyLTAzLTE3IDE2OjQ1OjQyIiwiZXhwaXJ5X2RhdGUiOjE2NDc2MTgzNDJ9.pewI7xQR6V86zcjBUksvwXmmycy2CsktF04Q73J72Hs "pending"
2022-03-17 18:46:19 | 1111895001ot71b ""
2022-03-17 18:48:40 | 1111895001ot71b ""
2022-03-17 18:51:14 | 1107084001nk71b ""
2022-03-17 18:58:06 | 1117173001gp71b ""
2022-03-17 19:00:25 | 1117173001gp71b ""
2022-03-17 19:01:08 | 1092698001gd71b ""
2022-03-17 19:02:32 | 1092698001gd71b ""
2022-03-17 19:03:44 | 1117173001gp71b ""
2022-03-17 19:03:53 | 1111895001ot71b ""
2022-03-17 19:04:00 | 1107084001nk71b ""
2022-03-17 19:13:48 | 1107084001nk71b ""
2022-03-17 19:38:29 | 1117173001gp71b ""
2022-03-17 19:39:05 | 1097056001of71b ""
2022-03-18 10:52:50 | 1097068001fu71b ""
2022-03-18 10:55:06 | 1097068001fu71b ""
2022-03-18 10:55:21 | 1097068001fu71b ""
2022-03-18 11:02:10 | 1097068001fu71b ""
2022-03-19 00:06:37 | 1118945001fh71b ""
2022-03-19 00:06:39 | 1118945001fh71b ""
2022-03-19 00:06:40 | 1118945001fh71b ""
2022-03-19 00:25:54 | 1117173001gp71b ""
2022-03-19 01:39:26 | en ""
2022-03-19 01:39:36 | en ""
2022-03-19 01:39:46 | en ""
2022-03-19 02:47:20 | 1119064001ry71b ""
2022-03-19 03:01:55 | 1119064001ry71b ""
2022-03-19 03:10:11 | 1119064001ry71b ""
2022-03-19 03:14:03 | 1119064001ry71b ""
2022-03-19 03:20:26 | 1119064001ry71b ""
2022-03-19 03:22:48 | 1119064001ry71b ""
2022-03-19 03:30:24 | 1119064001ry71b ""
2022-03-19 03:33:20 | 1119064001ry71b ""
2022-03-19 03:33:22 | 1119064001ry71b ""
2022-03-19 03:40:48 | 1119064001ry71b "pending"
2022-03-19 03:40:49 | 1119064001ry71b "pending"
2022-03-19 03:43:29 | 1119081001ir71b "pending"
2022-03-19 03:44:53 | 1117239001md71b "pending"
2022-03-19 03:44:53 | 1117239001md71b "pending"
2022-03-19 03:53:52 | 1117173001gp71b "pending"
2022-03-19 04:01:59 | 1119181001dd71b "pending"
2022-03-19 04:10:40 | 1117173001gp71b "pending"
2022-03-19 04:13:01 | 1117173001gp71b "pending"
2022-03-19 04:13:41 | 1117173001gp71b "pending"
2022-03-19 04:15:42 | 1117173001gp71b "completed"
2022-03-19 04:15:44 | 1117173001gp71b "completed"
