2020-08-27 09:24:18 | 300144001eg61b Error: ACK Failure: You do not have permissions to make this API call
    at /home/louisbertson/Desktop/totalJS/eshop-master/node_modules/paypal-express-checkout/index.js:138:13
    at IncomingMessage.<anonymous> (/home/louisbertson/Desktop/totalJS/eshop-master/node_modules/paypal-express-checkout/index.js:176:4)
    at IncomingMessage.emit (events.js:203:15)
    at endReadableNT (_stream_readable.js:1145:12)
    at process._tickCallback (internal/process/next_tick.js:63:19)
2020-08-27 09:26:55 | 300144001eg61b Error: ACK Failure: You do not have permissions to make this API call
    at /home/louisbertson/Desktop/totalJS/eshop-master/node_modules/paypal-express-checkout/index.js:138:13
    at IncomingMessage.<anonymous> (/home/louisbertson/Desktop/totalJS/eshop-master/node_modules/paypal-express-checkout/index.js:176:4)
    at IncomingMessage.emit (events.js:203:15)
    at endReadableNT (_stream_readable.js:1145:12)
    at process._tickCallback (internal/process/next_tick.js:63:19)
2020-08-27 09:29:01 | 300144001eg61b Error: ACK Failure: Security header is not valid
    at /home/louisbertson/Desktop/totalJS/eshop-master/node_modules/paypal-express-checkout/index.js:138:13
    at IncomingMessage.<anonymous> (/home/louisbertson/Desktop/totalJS/eshop-master/node_modules/paypal-express-checkout/index.js:176:4)
    at IncomingMessage.emit (events.js:203:15)
    at endReadableNT (_stream_readable.js:1145:12)
    at process._tickCallback (internal/process/next_tick.js:63:19)
2020-08-27 09:29:03 | 300144001eg61b Error: ACK Failure: Security header is not valid
    at /home/louisbertson/Desktop/totalJS/eshop-master/node_modules/paypal-express-checkout/index.js:138:13
    at IncomingMessage.<anonymous> (/home/louisbertson/Desktop/totalJS/eshop-master/node_modules/paypal-express-checkout/index.js:176:4)
    at IncomingMessage.emit (events.js:203:15)
    at endReadableNT (_stream_readable.js:1145:12)
    at process._tickCallback (internal/process/next_tick.js:63:19)
2020-08-27 09:30:35 | 300144001eg61b Error: ACK Failure: Security header is not valid
    at /home/louisbertson/Desktop/totalJS/eshop-master/node_modules/paypal-express-checkout/index.js:138:13
    at IncomingMessage.<anonymous> (/home/louisbertson/Desktop/totalJS/eshop-master/node_modules/paypal-express-checkout/index.js:176:4)
    at IncomingMessage.emit (events.js:203:15)
    at endReadableNT (_stream_readable.js:1145:12)
    at process._tickCallback (internal/process/next_tick.js:63:19)
2020-08-27 09:30:37 | 300144001eg61b Error: ACK Failure: Security header is not valid
    at /home/louisbertson/Desktop/totalJS/eshop-master/node_modules/paypal-express-checkout/index.js:138:13
    at IncomingMessage.<anonymous> (/home/louisbertson/Desktop/totalJS/eshop-master/node_modules/paypal-express-checkout/index.js:176:4)
    at IncomingMessage.emit (events.js:203:15)
    at endReadableNT (_stream_readable.js:1145:12)
    at process._tickCallback (internal/process/next_tick.js:63:19)
2020-08-27 09:31:25 | 300144001eg61b Error: ACK Failure: Security header is not valid
    at /home/louisbertson/Desktop/totalJS/eshop-master/node_modules/paypal-express-checkout/index.js:138:13
    at IncomingMessage.<anonymous> (/home/louisbertson/Desktop/totalJS/eshop-master/node_modules/paypal-express-checkout/index.js:176:4)
    at IncomingMessage.emit (events.js:203:15)
    at endReadableNT (_stream_readable.js:1145:12)
    at process._tickCallback (internal/process/next_tick.js:63:19)
2020-09-25 22:40:37 | 342699001gu61b Error: ACK Failure: Security header is not valid
    at /home/louisbertson/Desktop/bureau/totalJS/eshop-master/node_modules/paypal-express-checkout/index.js:138:13
    at IncomingMessage.<anonymous> (/home/louisbertson/Desktop/bureau/totalJS/eshop-master/node_modules/paypal-express-checkout/index.js:176:4)
    at IncomingMessage.emit (events.js:203:15)
    at endReadableNT (_stream_readable.js:1145:12)
    at process._tickCallback (internal/process/next_tick.js:63:19)
2020-12-23 17:07:21 | 470525001xf61b { Error: getaddrinfo EAI_AGAIN api-3t.paypal.com api-3t.paypal.com:443
    at GetAddrInfoReqWrap.onlookup [as oncomplete] (dns.js:56:26)
  errno: 'EAI_AGAIN',
  code: 'EAI_AGAIN',
  syscall: 'getaddrinfo',
  hostname: 'api-3t.paypal.com',
  host: 'api-3t.paypal.com',
  port: 443 }
2020-07-05 12:59:43 | 224039001nm61b { Error: certificate is not yet valid
    at TLSSocket.onConnectSecure (_tls_wrap.js:1088:34)
    at TLSSocket.emit (events.js:198:13)
    at TLSSocket._finishInit (_tls_wrap.js:666:8) code: 'CERT_NOT_YET_VALID' }
2022-02-27 02:10:59 | 1090267001ui71b Error: ACK Failure: Security header is not valid
    at /home/louisbertson/projects/agravishop/node_modules/paypal-express-checkout/index.js:138:13
    at IncomingMessage.<anonymous> (/home/louisbertson/projects/agravishop/node_modules/paypal-express-checkout/index.js:176:4)
    at IncomingMessage.emit (events.js:412:35)
    at endReadableNT (internal/streams/readable.js:1334:12)
    at processTicksAndRejections (internal/process/task_queues.js:82:21)
2022-02-28 16:32:55 | 1092572001ap71b Error: ACK Failure: Security header is not valid
    at /home/louisbertson/projects/agravishop/node_modules/paypal-express-checkout/index.js:138:13
    at IncomingMessage.<anonymous> (/home/louisbertson/projects/agravishop/node_modules/paypal-express-checkout/index.js:176:4)
    at IncomingMessage.emit (events.js:412:35)
    at endReadableNT (internal/streams/readable.js:1334:12)
    at processTicksAndRejections (internal/process/task_queues.js:82:21)
2022-02-28 16:39:48 | 1092572001ap71b Error: ACK Failure: Security header is not valid
    at /home/louisbertson/projects/agravishop/node_modules/paypal-express-checkout/index.js:138:13
    at IncomingMessage.<anonymous> (/home/louisbertson/projects/agravishop/node_modules/paypal-express-checkout/index.js:176:4)
    at IncomingMessage.emit (events.js:412:35)
    at endReadableNT (internal/streams/readable.js:1334:12)
    at processTicksAndRejections (internal/process/task_queues.js:82:21)
2022-03-17 17:14:55 | eyJ0eXAiOiJKV1QiLCJhbGciOiJIUzI1NiJ9.eyJpZF9pbnZvaWNlIjoiNDg5NzIyOCIsInN0YXJ0X2RhdGUiOiIyMDIyLTAzLTE3IDE2OjQ1OjQyIiwiZXhwaXJ5X2RhdGUiOjE2NDc2MTgzNDJ9.pewI7xQR6V86zcjBUksvwXmmycy2CsktF04Q73J72Hs {"data":{"response_code":"01","token":"","response_text":"Echec (Code04)","description":"invoiceToken not provided","custom_data":[],"status":"","operator_id":"","operator_name":"","customer":"","wiki":[{"code":"00","description":"No error"},{"code":"01","description":"There is an error","subcodes":[{"code":"Echec (Code00)","description":"Authentification failure"},{"code":"Echec (Code01)","description":"Merchant Payin not activated"},{"code":"Echec (Code02)","description":"Invoice not found"},{"code":"Echec (Code03)","description":"An error occured while processing request"},{"code":"Echec (Code04)","description":"Data Input error"}]}],"montant":0},"token":"eyJ0eXAiOiJKV1QiLCJhbGciOiJIUzI1NiJ9.eyJpZF9pbnZvaWNlIjoiNDg5NzIyOCIsInN0YXJ0X2RhdGUiOiIyMDIyLTAzLTE3IDE2OjQ1OjQyIiwiZXhwaXJ5X2RhdGUiOjE2NDc2MTgzNDJ9.pewI7xQR6V86zcjBUksvwXmmycy2CsktF04Q73J72Hs"}
2022-03-17 17:15:38 | eyJ0eXAiOiJKV1QiLCJhbGciOiJIUzI1NiJ9.eyJpZF9pbnZvaWNlIjoiNDg5NzIyOCIsInN0YXJ0X2RhdGUiOiIyMDIyLTAzLTE3IDE2OjQ1OjQyIiwiZXhwaXJ5X2RhdGUiOjE2NDc2MTgzNDJ9.pewI7xQR6V86zcjBUksvwXmmycy2CsktF04Q73J72Hs {"data":{"response_code":"01","token":"","response_text":"Echec (Code04)","description":"invoiceToken not provided","custom_data":[],"status":"","operator_id":"","operator_name":"","customer":"","wiki":[{"code":"00","description":"No error"},{"code":"01","description":"There is an error","subcodes":[{"code":"Echec (Code00)","description":"Authentification failure"},{"code":"Echec (Code01)","description":"Merchant Payin not activated"},{"code":"Echec (Code02)","description":"Invoice not found"},{"code":"Echec (Code03)","description":"An error occured while processing request"},{"code":"Echec (Code04)","description":"Data Input error"}]}],"montant":0},"token":"eyJ0eXAiOiJKV1QiLCJhbGciOiJIUzI1NiJ9.eyJpZF9pbnZvaWNlIjoiNDg5NzIyOCIsInN0YXJ0X2RhdGUiOiIyMDIyLTAzLTE3IDE2OjQ1OjQyIiwiZXhwaXJ5X2RhdGUiOjE2NDc2MTgzNDJ9.pewI7xQR6V86zcjBUksvwXmmycy2CsktF04Q73J72Hs"}
2022-03-17 17:23:38 | eyJ0eXAiOiJKV1QiLCJhbGciOiJIUzI1NiJ9.eyJpZF9pbnZvaWNlIjoiNDg5NzIyOCIsInN0YXJ0X2RhdGUiOiIyMDIyLTAzLTE3IDE2OjQ1OjQyIiwiZXhwaXJ5X2RhdGUiOjE2NDc2MTgzNDJ9.pewI7xQR6V86zcjBUksvwXmmycy2CsktF04Q73J72Hs {"data":{"response_code":"00","token":"","response_text":"Echec (Code00)","description":"","custom_data":[{"id_customdata":21814791,"id_invoice":4897228,"keyof_customdata":"boss","valueof_customdata":"Arnaud Salembere"},{"id_customdata":21814792,"id_invoice":4897228,"keyof_customdata":"lieu","valueof_customdata":"Kalgodin"}],"status":"pending","operator_id":"","operator_name":"","customer":null,"wiki":[{"code":"00","description":"No error"},{"code":"01","description":"There is an error","subcodes":[{"code":"Echec (Code00)","description":"Authentification failure"},{"code":"Echec (Code01)","description":"Merchant Payin not activated"},{"code":"Echec (Code02)","description":"Invoice not found"},{"code":"Echec (Code03)","description":"An error occured while processing request"},{"code":"Echec (Code04)","description":"Data Input error"}]}],"montant":"200","external_id":null},"token":"eyJ0eXAiOiJKV1QiLCJhbGciOiJIUzI1NiJ9.eyJpZF9pbnZvaWNlIjoiNDg5NzIyOCIsInN0YXJ0X2RhdGUiOiIyMDIyLTAzLTE3IDE2OjQ1OjQyIiwiZXhwaXJ5X2RhdGUiOjE2NDc2MTgzNDJ9.pewI7xQR6V86zcjBUksvwXmmycy2CsktF04Q73J72Hs"}
2022-03-17 17:33:47 | eyJ0eXAiOiJKV1QiLCJhbGciOiJIUzI1NiJ9.eyJpZF9pbnZvaWNlIjoiNDg5NzIyOCIsInN0YXJ0X2RhdGUiOiIyMDIyLTAzLTE3IDE2OjQ1OjQyIiwiZXhwaXJ5X2RhdGUiOjE2NDc2MTgzNDJ9.pewI7xQR6V86zcjBUksvwXmmycy2CsktF04Q73J72Hs {"data":{"response_code":"00","token":"","response_text":"Echec (Code00)","description":"","custom_data":[{"id_customdata":21814791,"id_invoice":4897228,"keyof_customdata":"boss","valueof_customdata":"Arnaud Salembere"},{"id_customdata":21814792,"id_invoice":4897228,"keyof_customdata":"lieu","valueof_customdata":"Kalgodin"}],"status":"pending","operator_id":"","operator_name":"","customer":null,"wiki":[{"code":"00","description":"No error"},{"code":"01","description":"There is an error","subcodes":[{"code":"Echec (Code00)","description":"Authentification failure"},{"code":"Echec (Code01)","description":"Merchant Payin not activated"},{"code":"Echec (Code02)","description":"Invoice not found"},{"code":"Echec (Code03)","description":"An error occured while processing request"},{"code":"Echec (Code04)","description":"Data Input error"}]}],"montant":"200","external_id":null},"token":"eyJ0eXAiOiJKV1QiLCJhbGciOiJIUzI1NiJ9.eyJpZF9pbnZvaWNlIjoiNDg5NzIyOCIsInN0YXJ0X2RhdGUiOiIyMDIyLTAzLTE3IDE2OjQ1OjQyIiwiZXhwaXJ5X2RhdGUiOjE2NDc2MTgzNDJ9.pewI7xQR6V86zcjBUksvwXmmycy2CsktF04Q73J72Hs"}
2022-03-17 17:35:10 | eyJ0eXAiOiJKV1QiLCJhbGciOiJIUzI1NiJ9.eyJpZF9pbnZvaWNlIjoiNDg5OTIwNiIsInN0YXJ0X2RhdGUiOiIyMDIyLTAzLTE3IDE3OjM0OjQ1IiwiZXhwaXJ5X2RhdGUiOjE2NDc2MjEyODV9.rFDpmRhx9ULfDyw6qPK51ZTn9QjFBgYZa68TLUYJzIE {"data":{"response_code":"00","token":"","response_text":"Echec (Code00)","description":"","custom_data":[{"id_customdata":21827413,"id_invoice":4899206,"keyof_customdata":"boss","valueof_customdata":"Arnaud Salembere"},{"id_customdata":21827414,"id_invoice":4899206,"keyof_customdata":"lieu","valueof_customdata":"Kalgodin"}],"status":"pending","operator_id":"","operator_name":"","customer":null,"wiki":[{"code":"00","description":"No error"},{"code":"01","description":"There is an error","subcodes":[{"code":"Echec (Code00)","description":"Authentification failure"},{"code":"Echec (Code01)","description":"Merchant Payin not activated"},{"code":"Echec (Code02)","description":"Invoice not found"},{"code":"Echec (Code03)","description":"An error occured while processing request"},{"code":"Echec (Code04)","description":"Data Input error"}]}],"montant":"200","external_id":null},"token":"eyJ0eXAiOiJKV1QiLCJhbGciOiJIUzI1NiJ9.eyJpZF9pbnZvaWNlIjoiNDg5OTIwNiIsInN0YXJ0X2RhdGUiOiIyMDIyLTAzLTE3IDE3OjM0OjQ1IiwiZXhwaXJ5X2RhdGUiOjE2NDc2MjEyODV9.rFDpmRhx9ULfDyw6qPK51ZTn9QjFBgYZa68TLUYJzIE"}
